c:\users\andy\documents\gdw\absolutezerov2\absolutegamesv2\helloworld\x64\debug\vc142.pdb
c:\users\andy\documents\gdw\absolutezerov2\absolutegamesv2\helloworld\x64\debug\vc142.idb
c:\users\andy\documents\gdw\absolutezerov2\absolutegamesv2\helloworld\x64\debug\imgui_widgets.obj
c:\users\andy\documents\gdw\absolutezerov2\absolutegamesv2\helloworld\x64\debug\imgui_impl.obj
c:\users\andy\documents\gdw\absolutezerov2\absolutegamesv2\helloworld\x64\debug\imgui_draw.obj
c:\users\andy\documents\gdw\absolutezerov2\absolutegamesv2\helloworld\x64\debug\imgui_demo.obj
c:\users\andy\documents\gdw\absolutezerov2\absolutegamesv2\helloworld\x64\debug\imgui.obj
c:\users\andy\documents\gdw\absolutezerov2\absolutegamesv2\helloworld\x64\debug\helloworld.obj
c:\users\andy\documents\gdw\absolutezerov2\absolutegamesv2\helloworld\x64\debug\healthbar.obj
c:\users\andy\documents\gdw\absolutezerov2\absolutegamesv2\helloworld\x64\debug\greyscaleeffect.obj
c:\users\andy\documents\gdw\absolutezerov2\absolutegamesv2\helloworld\x64\debug\graineffect.obj
c:\users\andy\documents\gdw\absolutezerov2\absolutegamesv2\helloworld\x64\debug\game.obj
c:\users\andy\documents\gdw\absolutezerov2\absolutegamesv2\helloworld\x64\debug\framebuffer.obj
c:\users\andy\documents\gdw\absolutezerov2\absolutegamesv2\helloworld\x64\debug\entityidentifier.obj
c:\users\andy\documents\gdw\absolutezerov2\absolutegamesv2\helloworld\x64\debug\effectmanager.obj
c:\users\andy\documents\gdw\absolutezerov2\absolutegamesv2\helloworld\x64\debug\ecs.obj
c:\users\andy\documents\gdw\absolutezerov2\absolutegamesv2\helloworld\x64\debug\camerasystem.obj
c:\users\andy\documents\gdw\absolutezerov2\absolutegamesv2\helloworld\x64\debug\camera.obj
c:\users\andy\documents\gdw\absolutezerov2\absolutegamesv2\helloworld\x64\debug\bloomeffect.obj
c:\users\andy\documents\gdw\absolutezerov2\absolutegamesv2\helloworld\x64\debug\backend.obj
c:\users\andy\documents\gdw\absolutezerov2\absolutegamesv2\helloworld\x64\debug\animationsystem.obj
c:\users\andy\documents\gdw\absolutezerov2\absolutegamesv2\helloworld\x64\debug\animationcontroller.obj
c:\users\andy\documents\gdw\absolutezerov2\absolutegamesv2\helloworld\x64\debug\ui.obj
c:\users\andy\documents\gdw\absolutezerov2\absolutegamesv2\helloworld\x64\debug\transform.obj
c:\users\andy\documents\gdw\absolutezerov2\absolutegamesv2\helloworld\x64\debug\timer.obj
c:\users\andy\documents\gdw\absolutezerov2\absolutegamesv2\helloworld\x64\debug\texturemanager.obj
c:\users\andy\documents\gdw\absolutezerov2\absolutegamesv2\helloworld\x64\debug\texture.obj
c:\users\andy\documents\gdw\absolutezerov2\absolutegamesv2\helloworld\x64\debug\sprite.obj
c:\users\andy\documents\gdw\absolutezerov2\absolutegamesv2\helloworld\x64\debug\shader.obj
c:\users\andy\documents\gdw\absolutezerov2\absolutegamesv2\helloworld\x64\debug\sepiaeffect.obj
c:\users\andy\documents\gdw\absolutezerov2\absolutegamesv2\helloworld\x64\debug\selectivecoloreffect.obj
c:\users\andy\documents\gdw\absolutezerov2\absolutegamesv2\helloworld\x64\debug\selectable.obj
c:\users\andy\documents\gdw\absolutezerov2\absolutegamesv2\helloworld\x64\debug\sceneeditor.obj
c:\users\andy\documents\gdw\absolutezerov2\absolutegamesv2\helloworld\x64\debug\scene.obj
c:\users\andy\documents\gdw\absolutezerov2\absolutegamesv2\helloworld\x64\debug\renderingsystem.obj
c:\users\andy\documents\gdw\absolutezerov2\absolutegamesv2\helloworld\x64\debug\posteffect.obj
c:\users\andy\documents\gdw\absolutezerov2\absolutegamesv2\helloworld\x64\debug\pixelateeffect.obj
c:\users\andy\documents\gdw\absolutezerov2\absolutegamesv2\helloworld\x64\debug\physicsbody.obj
c:\users\andy\documents\gdw\absolutezerov2\absolutegamesv2\helloworld\x64\debug\menu.obj
c:\users\andy\documents\gdw\absolutezerov2\absolutegamesv2\helloworld\x64\debug\main.obj
c:\users\andy\documents\gdw\absolutezerov2\absolutegamesv2\helloworld\x64\debug\json.obj
c:\users\andy\documents\gdw\absolutezerov2\absolutegamesv2\helloworld\x64\debug\input.obj
c:\users\andy\documents\gdw\absolutezerov2\absolutegamesv2\helloworld\x64\debug\xinput.obj
c:\users\andy\documents\gdw\absolutezerov2\absolutegamesv2\helloworld\x64\debug\window.obj
c:\users\andy\documents\gdw\absolutezerov2\absolutegamesv2\helloworld\x64\debug\vignetteeffect.obj
c:\users\andy\documents\gdw\absolutezerov2\absolutegamesv2\helloworld\x64\debug\vertexmanager.obj
c:\users\andy\documents\gdw\absolutezerov2\absolutegamesv2\x64\debug\helloworld.exe
c:\users\andy\documents\gdw\absolutezerov2\absolutegamesv2\x64\debug\helloworld.ilk
c:\users\andy\documents\gdw\absolutezerov2\absolutegamesv2\x64\debug\helloworld.pdb
c:\users\andy\documents\gdw\absolutezerov2\absolutegamesv2\helloworld\x64\debug\game.new.obj.enc
c:\users\andy\documents\gdw\absolutezerov2\absolutegamesv2\helloworld\x64\debug\helloworld.new.obj.enc
c:\users\andy\documents\gdw\absolutezerov2\absolutegamesv2\helloworld\x64\debug\helloworld.tlog\cl.command.1.tlog
c:\users\andy\documents\gdw\absolutezerov2\absolutegamesv2\helloworld\x64\debug\helloworld.tlog\cl.read.1.tlog
c:\users\andy\documents\gdw\absolutezerov2\absolutegamesv2\helloworld\x64\debug\helloworld.tlog\cl.write.1.tlog
c:\users\andy\documents\gdw\absolutezerov2\absolutegamesv2\helloworld\x64\debug\helloworld.tlog\link.command.1.tlog
c:\users\andy\documents\gdw\absolutezerov2\absolutegamesv2\helloworld\x64\debug\helloworld.tlog\link.read.1.tlog
c:\users\andy\documents\gdw\absolutezerov2\absolutegamesv2\helloworld\x64\debug\helloworld.tlog\link.write.1.tlog
