  Game.cpp
C:\Users\prana\Documents\repos\AbsoluteGamesV2\HelloWorld\Game.cpp(130,7): warning C4101:  'mapArray': unreferenced local variable
C:\Users\prana\Documents\repos\AbsoluteGamesV2\HelloWorld\Game.cpp(860,65): warning C4244:  '=': conversion from 'float' to 'int', possible loss of data
C:\Users\prana\Documents\repos\AbsoluteGamesV2\HelloWorld\Game.cpp(861,65): warning C4244:  '=': conversion from 'float' to 'int', possible loss of data
C:\Users\prana\Documents\repos\AbsoluteGamesV2\HelloWorld\Game.cpp(862,65): warning C4244:  '=': conversion from 'float' to 'int', possible loss of data
C:\Users\prana\Documents\repos\AbsoluteGamesV2\HelloWorld\Game.cpp(892,86): warning C4244:  'argument': conversion from 'int' to 'float', possible loss of data
C:\Users\prana\Documents\repos\AbsoluteGamesV2\HelloWorld\Game.cpp(893,86): warning C4244:  'argument': conversion from 'int' to 'float', possible loss of data
C:\Users\prana\Documents\repos\AbsoluteGamesV2\HelloWorld\Game.cpp(932,62): warning C4244:  'argument': conversion from 'int' to 'float', possible loss of data
C:\Users\prana\Documents\repos\AbsoluteGamesV2\HelloWorld\Game.cpp(932,56): warning C4244:  'argument': conversion from 'int' to 'float', possible loss of data
C:\Users\prana\Documents\repos\AbsoluteGamesV2\HelloWorld\Game.cpp(1037,25): warning C4244:  '=': conversion from 'int' to 'float', possible loss of data
C:\Users\prana\Documents\repos\AbsoluteGamesV2\HelloWorld\Game.cpp(1046,24): warning C4244:  '=': conversion from 'int' to 'float', possible loss of data
C:\Users\prana\Documents\repos\AbsoluteGamesV2\HelloWorld\Game.cpp(1048,24): warning C4244:  '=': conversion from 'int' to 'float', possible loss of data
C:\Users\prana\Documents\repos\AbsoluteGamesV2\HelloWorld\Game.cpp(1080,55): warning C4244:  '+=': conversion from 'double' to 'float', possible loss of data
C:\Users\prana\Documents\repos\AbsoluteGamesV2\HelloWorld\Game.cpp(1081,57): warning C4244:  '+=': conversion from 'double' to 'float', possible loss of data
C:\Users\prana\Documents\repos\AbsoluteGamesV2\HelloWorld\Game.cpp(1141,66): warning C4244:  'argument': conversion from 'double' to 'int', possible loss of data
C:\Users\prana\Documents\repos\AbsoluteGamesV2\HelloWorld\Game.cpp(1141,57): warning C4244:  'argument': conversion from 'double' to 'int', possible loss of data
C:\Users\prana\Documents\repos\AbsoluteGamesV2\HelloWorld\Game.cpp(1146,19): warning C4244:  '=': conversion from 'int' to 'float', possible loss of data
C:\Users\prana\Documents\repos\AbsoluteGamesV2\HelloWorld\Game.cpp(1155,24): warning C4244:  '=': conversion from 'float' to 'int', possible loss of data
C:\Users\prana\Documents\repos\AbsoluteGamesV2\HelloWorld\Game.cpp(1174,58): warning C4244:  '+=': conversion from 'double' to 'float', possible loss of data
C:\Users\prana\Documents\repos\AbsoluteGamesV2\HelloWorld\Game.cpp(1242,12): warning C4244:  'argument': conversion from 'time_t' to 'unsigned int', possible loss of data
C:\Users\prana\Documents\repos\AbsoluteGamesV2\HelloWorld\Game.cpp(1243,24): warning C4244:  '=': conversion from 'int' to 'float', possible loss of data
C:\Users\prana\Documents\repos\AbsoluteGamesV2\HelloWorld\Game.cpp(1246,12): warning C4244:  'argument': conversion from 'time_t' to 'unsigned int', possible loss of data
C:\Users\prana\Documents\repos\AbsoluteGamesV2\HelloWorld\Game.cpp(1247,24): warning C4244:  '=': conversion from 'int' to 'float', possible loss of data
C:\Users\prana\Documents\repos\AbsoluteGamesV2\HelloWorld\Game.cpp(1287,31): warning C4305:  '+=': truncation from 'double' to 'float'
C:\Users\prana\Documents\repos\AbsoluteGamesV2\HelloWorld\Game.cpp(1292,31): warning C4305:  '-=': truncation from 'double' to 'float'
C:\Users\prana\Documents\repos\AbsoluteGamesV2\HelloWorld\Game.cpp(1297,31): warning C4305:  '+=': truncation from 'double' to 'float'
C:\Users\prana\Documents\repos\AbsoluteGamesV2\HelloWorld\Game.cpp(1300,31): warning C4305:  '-=': truncation from 'double' to 'float'
C:\Users\prana\Documents\repos\AbsoluteGamesV2\HelloWorld\Game.cpp(1332,89): warning C4244:  '=': conversion from 'float' to 'int', possible loss of data
C:\Users\prana\Documents\repos\AbsoluteGamesV2\HelloWorld\Game.cpp(1333,89): warning C4244:  '=': conversion from 'float' to 'int', possible loss of data
C:\Users\prana\Documents\repos\AbsoluteGamesV2\HelloWorld\Game.cpp(1335,26): warning C4244:  '=': conversion from 'float' to 'int', possible loss of data
C:\Users\prana\Documents\repos\AbsoluteGamesV2\HelloWorld\Game.cpp(1336,26): warning C4244:  '=': conversion from 'float' to 'int', possible loss of data
C:\Users\prana\Documents\repos\AbsoluteGamesV2\HelloWorld\Game.cpp(1367,77): warning C4312:  'type cast': conversion from 'int' to 'VignetteEffect *' of greater size
C:\Users\prana\Documents\repos\AbsoluteGamesV2\HelloWorld\Game.cpp(1376,30): warning C4244:  '=': conversion from 'double' to 'float', possible loss of data
  VignetteEffect.cpp
  Generating Code...
C:\Users\prana\Documents\repos\AbsoluteGamesV2\HelloWorld\Game.cpp(1382,24): warning C4305:  '=': truncation from 'double' to 'float'
  HelloWorld.vcxproj -> C:\Users\prana\Documents\repos\AbsoluteGamesV2\x64\Debug\HelloWorld.exe
